2026-05-01T19:26:34 update: added 三国杀/长乐调 伴奏.flac
2026-05-01T19:26:34 update: added 三国杀/长乐调 和声伴奏.flac
2026-05-01T19:26:34 update: added 三国杀/长乐调.flac
2026-05-01T19:26:34 update: added 三国杀/长乐调.wav
2026-05-01T19:26:34 update: added 三体/云烟过往（三体赋）.flac
2026-05-01T19:26:34 update: added 三体/夜航星 (Night Voyager) (Instrumental).flac
2026-05-01T19:26:34 update: added 三体/夜航星 (Night Voyager).flac
2026-05-01T19:26:34 update: added 三体/夜航星 钢琴版.flac
2026-05-01T19:26:34 update: added 三体/岁月成碑 原版伴奏.mp3
2026-05-01T19:26:34 update: added 三体/岁月成碑.mp3
2026-05-01T19:26:34 update: added 三体/岁月成碑钢琴版.mp3
2026-05-01T19:26:34 update: added 三体/负隅汪淼角色曲.mp3
2026-05-01T19:26:34 update: added 山河旅探/湖光山色 (Picturesque Lake).flac
2026-05-01T19:26:34 update: added 山河旅探/工业的心跳 (The Heartbeat of Industry).flac
2026-05-01T19:26:34 update: added 山河旅探/诡船迷雾 (Ship in the Mist).flac
2026-05-01T19:26:34 update: added 山河旅探/星星的回忆 (Memory of the Stars).flac
2026-05-01T19:26:34 update: added 山河旅探/追忆 (Reminiscences).flac
2026-05-01T19:26:34 update: added 星战前夜/Beyond the sky (伴奏).flac
2026-05-01T19:26:34 update: added 星战前夜/Beyond the sky.flac
2026-05-01T19:26:34 update: added 星战前夜/Infinity.flac
2026-05-01T19:26:34 update: added 星战前夜/冬眠者.flac
2026-05-01T19:26:34 update: added 星战前夜/水龙吟 Dragon Chant.flac
2026-05-01T19:26:34 update: added 星战前夜/银海青花Blue-And-White Galaxy.flac
2026-05-01T19:26:34 update: added 星战前夜/黄金年代 (Golden Age).flac
2026-05-01T19:26:34 update: added 星战前夜/infinity instrumental.wav
2026-05-01T19:26:34 update: added 纸嫁衣/【双声道】你离开的村落.flac
2026-05-01T19:26:34 update: added 纸嫁衣/你离开的村落伴奏.flac
2026-05-01T19:26:34 update: added 纸嫁衣/纸嫁衣5《无间梦境》来生戏midi.mid
2026-05-01T19:26:34 update: added 最美的青春/时间都说过.flac
2026-05-01T19:26:34 update: added 最美的青春/时间都说过伴奏.flac
2026-05-01T19:26:34 update: added 最美的青春/最美的颜色.flac
2026-05-01T19:26:34 update: added 最美的青春/最美的颜色伴奏.flac
2026-05-01T19:26:34 update: added 最美的青春/最美的风景.flac
2026-05-01T19:26:34 update: added 最美的青春/最美的风景伴奏.flac
2026-05-01T19:26:34 ffmpeg/libmodplug: Format libmodplug detected only with low score of 24, misdetection possible!
load_pat > can not open /usr/local/share/timidity/timidity.cfg, use environment variable MMPAT_PATH_TO_CFG for the directory
2026-05-01T19:26:34 update: added /岁月成碑.abc
2026-05-01T19:26:34 update: added To The Moon Series/A Bird Story OST/01. A Bird Story (Title Theme).mp3
2026-05-01T19:26:34 update: added To The Moon Series/A Bird Story OST/02. Yesterday.mp3
2026-05-01T19:26:34 update: added To The Moon Series/A Bird Story OST/03. Yesterday (Reversing).mp3
2026-05-01T19:26:34 update: added To The Moon Series/A Bird Story OST/04. Another Stroll.mp3
2026-05-01T19:26:34 update: added To The Moon Series/A Bird Story OST/05. Home.mp3
2026-05-01T19:26:34 update: added To The Moon Series/A Bird Story OST/06. bef fall music.mp3
2026-05-01T19:26:34 update: added To The Moon Series/A Bird Story OST/07. after fall music.mp3
2026-05-01T19:26:34 update: added To The Moon Series/A Bird Story OST/08. Bright & Early.mp3
2026-05-01T19:26:34 update: added To The Moon Series/A Bird Story OST/09. [Cue] Muffins.mp3
2026-05-01T19:26:34 update: added To The Moon Series/A Bird Story OST/10. The Rain Song.mp3
2026-05-01T19:26:34 update: added To The Moon Series/A Bird Story OST/11. [Cue] Mud Dash.mp3
2026-05-01T19:26:34 update: added To The Moon Series/A Bird Story OST/12. [Cue] Mud Dash (Piano).mp3
2026-05-01T19:26:34 update: added To The Moon Series/A Bird Story OST/13. [Cue] Bird Motif.mp3
2026-05-01T19:26:34 update: added To The Moon Series/A Bird Story OST/14. My Home.mp3
2026-05-01T19:26:34 update: added To The Moon Series/A Bird Story OST/15. Light as a Feather.mp3
2026-05-01T19:26:34 update: added To The Moon Series/A Bird Story OST/16. Hide & Seek.mp3
2026-05-01T19:26:34 update: added To The Moon Series/A Bird Story OST/17. Floating By.mp3
2026-05-01T19:26:34 update: added To The Moon Series/A Bird Story OST/18. Fleeting Glimpse.mp3
2026-05-01T19:26:34 update: added To The Moon Series/A Bird Story OST/19. Hereupon.mp3
2026-05-01T19:26:34 update: added To The Moon Series/A Bird Story OST/20. Today.mp3
2026-05-01T19:26:34 update: added To The Moon Series/A Bird Story OST/21. home 2 cue.mp3
2026-05-01T19:26:34 update: added To The Moon Series/A Bird Story OST/22. Paper Plane.mp3
2026-05-01T19:26:34 update: added To The Moon Series/A Bird Story OST/23. On the Balcony.mp3
2026-05-01T19:26:34 update: added To The Moon Series/A Bird Story OST/24. Raggedy Sax.mp3
2026-05-01T19:26:34 update: added To The Moon Series/A Bird Story OST/25. Unhealed Wing.mp3
2026-05-01T19:26:34 update: added To The Moon Series/A Bird Story OST/26. Heavy Rain Walk.mp3
2026-05-01T19:26:34 update: added To The Moon Series/A Bird Story OST/27. Up Ahead.mp3
2026-05-01T19:26:34 update: added To The Moon Series/A Bird Story OST/28. Thunder Chase.mp3
2026-05-01T19:26:34 update: added To The Moon Series/A Bird Story OST/29. Tempest.mp3
2026-05-01T19:26:34 update: added To The Moon Series/A Bird Story OST/30. The Fall.mp3
2026-05-01T19:26:34 update: added To The Moon Series/A Bird Story OST/31. Balcony Days.mp3
2026-05-01T19:26:34 update: added To The Moon Series/A Bird Story OST/32. last balcony pt 1 (refined).mp3
2026-05-01T19:26:34 update: added To The Moon Series/A Bird Story OST/33. last balcony pt 2 (refined).mp3
2026-05-01T19:26:34 update: added To The Moon Series/A Bird Story OST/34. Bird Motif - 2.mp3
2026-05-01T19:26:34 update: added To The Moon Series/A Bird Story OST/35. Tomorrow (Credit).mp3
2026-05-01T19:26:34 update: added To The Moon Series/A Bird Story OST/36. Finding Paradise (Preview).mp3
2026-05-01T19:26:34 update: added To The Moon Series/A Bird Story OST/37. At the Gates (Holiday Special).mp3
2026-05-01T19:26:34 update: added To The Moon Series/A Bird Story OST/38. Bestest Detectives in the World - Winter Vers. (Holiday Special).mp3
2026-05-01T19:26:34 update: added To The Moon Series/A Bird Story OST/39. To the Moon - For River - Minigame Vers. (Holiday Special).mp3
2026-05-01T19:26:34 update: added To The Moon Series/A Bird Story OST/40. A Bird Story (Piano).mp3
2026-05-01T19:26:34 update: added To The Moon Series/Finding Paradise OST/01 Finding Paradise - Trailer Theme.flac
2026-05-01T19:26:34 update: added To The Moon Series/Finding Paradise OST/02 Finding Paradise - Title Theme (Short Vers.).flac
2026-05-01T19:26:34 update: added To The Moon Series/Finding Paradise OST/03 A Different Kind of Work.flac
2026-05-01T19:26:34 update: added To The Moon Series/Finding Paradise OST/04 Serenity.flac
2026-05-01T19:26:34 update: added To The Moon Series/Finding Paradise OST/05 Neil's Machine (Vibraphone).flac
2026-05-01T19:26:34 update: added To The Moon Series/Finding Paradise OST/06 Bestest Detectives in the World (Outdoor).flac
2026-05-01T19:26:34 update: added To The Moon Series/Finding Paradise OST/07 Bestest Detectives in the World (Indoor).flac
2026-05-01T19:26:34 update: added To The Moon Series/Finding Paradise OST/08 A Different Kind of Work (Celesta).flac
2026-05-01T19:26:34 update: added To The Moon Series/Finding Paradise OST/09 Neil's Machine.flac
2026-05-01T19:26:34 update: added To The Moon Series/Finding Paradise OST/10 Veil of Perception.flac
2026-05-01T19:26:34 update: added To The Moon Series/Finding Paradise OST/11 Having Lived (Finding Paradise Version).flac
2026-05-01T19:26:34 update: added To The Moon Series/Finding Paradise OST/12 Where Are You.flac
2026-05-01T19:26:34 update: added To The Moon Series/Finding Paradise OST/13 Paper Plane (from A Bird Story).flac
2026-05-01T19:26:34 update: added To The Moon Series/Finding Paradise OST/14 Time is a Place (Celesta Vers.).flac
2026-05-01T19:26:34 update: added To The Moon Series/Finding Paradise OST/15 Where Are You (Duet Version).flac
2026-05-01T19:26:34 update: added To The Moon Series/Finding Paradise OST/16 Home (from A Bird Story).flac
2026-05-01T19:26:34 update: added To The Moon Series/Finding Paradise OST/17 Across the Balcony (Celesta).flac
2026-05-01T19:26:34 update: added To The Moon Series/Finding Paradise OST/18 Time is a Place (Guitar).flac
2026-05-01T19:26:34 update: added To The Moon Series/Finding Paradise OST/19 Across the Balcony.flac
2026-05-01T19:26:34 update: added To The Moon Series/Finding Paradise OST/20 Such Inspire Much Motivate.flac
2026-05-01T19:26:34 update: added To The Moon Series/Finding Paradise OST/21 The Right Amount of Dumb.flac
2026-05-01T19:26:34 update: added To The Moon Series/Finding Paradise OST/22 Time is a Place (Piano).flac
2026-05-01T19:26:34 update: added To The Moon Series/Finding Paradise OST/23 Kinda Like an Indie French Film.flac
2026-05-01T19:26:34 update: added To The Moon Series/Finding Paradise OST/24 The Scale Theme (Piano & Cello Vers.).flac
2026-05-01T19:26:34 update: added To The Moon Series/Finding Paradise OST/25 Wind from Our Younger Days.flac
2026-05-01T19:26:34 update: added To The Moon Series/Finding Paradise OST/26 The Scale Theme (Guitar & Cello Vers.).flac
2026-05-01T19:26:34 update: added To The Moon Series/Finding Paradise OST/27 The Scale Theme.flac
2026-05-01T19:26:34 update: added To The Moon Series/Finding Paradise OST/28 Paradise (Guitar Vers.).flac
2026-05-01T19:26:34 update: added To The Moon Series/Finding Paradise OST/29 Hospital Rush.flac
2026-05-01T19:26:34 update: added To The Moon Series/Finding Paradise OST/30 A Moment to Sink In.flac
2026-05-01T19:26:34 update: added To The Moon Series/Finding Paradise OST/31 Time is a Place.flac
2026-05-01T19:26:34 update: added To The Moon Series/Finding Paradise OST/32 From the Balcony (Finding Paradise Vers.).flac
2026-05-01T19:26:34 update: added To The Moon Series/Finding Paradise OST/33 The Right Amount of Dumb (Vers. 2).flac
2026-05-01T19:26:34 update: added To The Moon Series/Finding Paradise OST/34 Think Quietly.flac
2026-05-01T19:26:34 update: added To The Moon Series/Finding Paradise OST/35 Time is a Place (Rehearsal Vers.).flac
2026-05-01T19:26:34 update: added To The Moon Series/Finding Paradise OST/36 Floating By (from A Bird Story).flac
2026-05-01T19:26:34 update: added To The Moon Series/Finding Paradise OST/37 Paradise (Tropical Vers.).flac
2026-05-01T19:26:34 update: added To The Moon Series/Finding Paradise OST/38 Days Go By.flac
2026-05-01T19:26:34 update: added To The Moon Series/Finding Paradise OST/39 What You're Up To.flac
2026-05-01T19:26:34 update: added To The Moon Series/Finding Paradise OST/40 The Mirror Lied (from The Mirror Lied).flac
2026-05-01T19:26:34 update: added To The Moon Series/Finding Paradise OST/41 Single-Thread Firewall.flac
2026-05-01T19:26:34 update: added To The Moon Series/Finding Paradise OST/42 Something Amiss.flac
2026-05-01T19:26:34 update: added To The Moon Series/Finding Paradise OST/43 HNNNNNNGH.flac
2026-05-01T19:26:34 update: added To The Moon Series/Finding Paradise OST/44 Power Overwhelming.flac
2026-05-01T19:26:34 update: added To The Moon Series/Finding Paradise OST/45 On the Run.flac
2026-05-01T19:26:34 update: added To The Moon Series/Finding Paradise OST/46 Final Confrontation.flac
2026-05-01T19:26:34 update: added To The Moon Series/Finding Paradise OST/47 Breeze (from Quintessence - TBV).flac
2026-05-01T19:26:34 update: added To The Moon Series/Finding Paradise OST/48 The Scale Theme (Cello & Guitar Vers. 2).flac
2026-05-01T19:26:34 update: added To The Moon Series/Finding Paradise OST/49 Faye's Theme.flac
2026-05-01T19:26:34 update: added To The Moon Series/Finding Paradise OST/50 Time is a Place (Void Vers.) -Unused-.flac
2026-05-01T19:26:34 update: added To The Moon Series/Finding Paradise OST/51 In the Way.flac
2026-05-01T19:26:34 update: added To The Moon Series/Finding Paradise OST/52 The Fiction We Tell Ourselves.flac
2026-05-01T19:26:34 update: added To The Moon Series/Finding Paradise OST/53 Bestest Detectives (Reprise).flac
2026-05-01T19:26:34 update: added To The Moon Series/Finding Paradise OST/54 Wish My Life Away (by Laura Shigihara).flac
2026-05-01T19:26:34 update: added To The Moon Series/Finding Paradise OST/55 Faye's Theme (Piano Vers.).flac
2026-05-01T19:26:34 update: added To The Moon Series/Finding Paradise OST/56 Going Home.flac
2026-05-01T19:26:34 update: added To The Moon Series/Finding Paradise OST/57 Ending Theme.flac
2026-05-01T19:26:34 update: added To The Moon Series/Finding Paradise OST/58 Every Single Memory (by RIOTxRYKER).flac
2026-05-01T19:26:34 update: added To The Moon Series/Impostor Factory OST/01. Trailer Theme - Kan Gao.mp3
2026-05-01T19:26:34 update: added To The Moon Series/Impostor Factory OST/02. Impostor Factory - Title Theme - Kan Gao.mp3
2026-05-01T19:26:34 update: added To The Moon Series/Impostor Factory OST/03. A Shroud of Rain - Kan Gao.mp3
2026-05-01T19:26:34 update: added To The Moon Series/Impostor Factory OST/04. Make Yourself at Manor - Kan Gao.mp3
2026-05-01T19:26:34 update: added To The Moon Series/Impostor Factory OST/05. The Observer - Kan Gao.mp3
2026-05-01T19:26:34 update: added To The Moon Series/Impostor Factory OST/06. Fuzzy Tumbles - Kan Gao.mp3
2026-05-01T19:26:34 update: added To The Moon Series/Impostor Factory OST/07. First Murder - Kan Gao.mp3
2026-05-01T19:26:34 update: added To The Moon Series/Impostor Factory OST/08. The Guests - Kan Gao.mp3
2026-05-01T19:26:34 update: added To The Moon Series/Impostor Factory OST/09. Twice a Stranger - Kan Gao.mp3
2026-05-01T19:26:34 update: added To The Moon Series/Impostor Factory OST/10. Something Amiss [from To the Moon] - Kan Gao.mp3
2026-05-01T19:26:34 update: added To The Moon Series/Impostor Factory OST/11. The Guests (Decayed Vers.) - Kan Gao.mp3
2026-05-01T19:26:34 update: added To The Moon Series/Impostor Factory OST/12. Tangents of Peculiarity - Kan Gao.mp3
2026-05-01T19:26:34 update: added To The Moon Series/Impostor Factory OST/13. To Chase a Murderer - Kan Gao.mp3
2026-05-01T19:26:34 update: added To The Moon Series/Impostor Factory OST/14. Cat Scary - Kan Gao.mp3
2026-05-01T19:26:34 update: added To The Moon Series/Impostor Factory OST/15. The Guests (Decayed Version 2) - Kan Gao.mp3
2026-05-01T19:26:34 update: added To The Moon Series/Impostor Factory OST/16. Vinyl Record - Kan Gao.mp3
2026-05-01T19:26:34 update: added To The Moon Series/Impostor Factory OST/17. The Asylum - Kan Gao.mp3
2026-05-01T19:26:34 update: added To The Moon Series/Impostor Factory OST/18. Twenty-Six Past Three - Kan Gao.mp3
2026-05-01T19:26:34 update: added To The Moon Series/Impostor Factory OST/19. Twenty-Six Past Three (Void Version) - Kan Gao.mp3
2026-05-01T19:26:34 update: added To The Moon Series/Impostor Factory OST/20. Earth or Sky (Day Vers.) - Kan Gao.mp3
2026-05-01T19:26:34 update: added To The Moon Series/Impostor Factory OST/21. Left to Chance - Kan Gao.mp3
2026-05-01T19:26:34 update: added To The Moon Series/Impostor Factory OST/22. Somber Steps - Kan Gao.mp3
2026-05-01T19:26:34 update: added To The Moon Series/Impostor Factory OST/23. Earth or Sky (Night Vers.) - Kan Gao.mp3
2026-05-01T19:26:34 update: added To The Moon Series/Impostor Factory OST/24. Another Morning - Kan Gao.mp3
2026-05-01T19:26:34 update: added To The Moon Series/Impostor Factory OST/25. Quincy - Kan Gao.mp3
2026-05-01T19:26:34 update: added To The Moon Series/Impostor Factory OST/26. Library Days - Kan Gao.mp3
2026-05-01T19:26:34 update: added To The Moon Series/Impostor Factory OST/27. Finding the Notes - Kan Gao.mp3
2026-05-01T19:26:34 update: added To The Moon Series/Impostor Factory OST/28. See the World (Piano Vers.) - Kan Gao.mp3
2026-05-01T19:26:34 update: added To The Moon Series/Impostor Factory OST/29. The Earth to Your Sky - Kan Gao.mp3
2026-05-01T19:26:34 update: added To The Moon Series/Impostor Factory OST/30. Serenity [from To the Moon] - Kan Gao.mp3
2026-05-01T19:26:34 update: added To The Moon Series/Impostor Factory OST/31. Double O Six Point Five - Kan Gao.mp3
2026-05-01T19:26:34 update: added To The Moon Series/Impostor Factory OST/32. Basement Tour - Kan Gao.mp3
2026-05-01T19:26:34 update: added To The Moon Series/Impostor Factory OST/33. The Machine - Kan Gao.mp3
2026-05-01T19:26:34 update: added To The Moon Series/Impostor Factory OST/34. Days - Kan Gao.mp3
2026-05-01T19:26:34 update: added To The Moon Series/Impostor Factory OST/35. Back Home - Kan Gao.mp3
2026-05-01T19:26:34 update: added To The Moon Series/Impostor Factory OST/36. See the World   - Kan Gao.mp3
2026-05-01T19:26:34 update: added To The Moon Series/Impostor Factory OST/37. Airsick - Kan Gao.mp3
2026-05-01T19:26:34 update: added To The Moon Series/Impostor Factory OST/38. Predisposition (Piano Vers.) - Kan Gao.mp3
2026-05-01T19:26:34 update: added To The Moon Series/Impostor Factory OST/39. A Decision For Two - Kan Gao.mp3
2026-05-01T19:26:34 update: added To The Moon Series/Impostor Factory OST/40. Heartbeat (Piano Vers.) - Kan Gao.mp3
2026-05-01T19:26:34 update: added To The Moon Series/Impostor Factory OST/41. Heartbeat (Music Box Vers.) - Kan Gao.mp3
2026-05-01T19:26:34 update: added To The Moon Series/Impostor Factory OST/42. Predisposition  - Kan Gao.mp3
2026-05-01T19:26:34 update: added To The Moon Series/Impostor Factory OST/43. A Decision Of Two - Kan Gao.mp3
2026-05-01T19:26:34 update: added To The Moon Series/Impostor Factory OST/44. Waking Up (Piano Vers.) - Kan Gao.mp3
2026-05-01T19:26:34 update: added To The Moon Series/Impostor Factory OST/45. Heartbeat - Kan Gao.mp3
2026-05-01T19:26:34 update: added To The Moon Series/Impostor Factory OST/46. Just a Lavender - Kan Gao.mp3
2026-05-01T19:26:34 update: added To The Moon Series/Impostor Factory OST/47. Path of a Life - Kan Gao.mp3
2026-05-01T19:26:34 update: added To The Moon Series/Impostor Factory OST/48. Beginning of an End - Kan Gao.mp3
2026-05-01T19:26:34 update: added To The Moon Series/Impostor Factory OST/49. Make Yourself at Manor (Void Vers.) - Kan Gao.mp3
2026-05-01T19:26:34 update: added To The Moon Series/Impostor Factory OST/50. Single-Threaded Firewall [from Finding Paradise] - Kan Gao.mp3
2026-05-01T19:26:34 update: added To The Moon Series/Impostor Factory OST/51. The Hypothesis - Kan Gao.mp3
2026-05-01T19:26:34 update: added To The Moon Series/Impostor Factory OST/52. The Final Test - Kan Gao.mp3
2026-05-01T19:26:34 update: added To The Moon Series/Impostor Factory OST/53. Long Way Up - Kan Gao.mp3
2026-05-01T19:26:34 update: added To The Moon Series/Impostor Factory OST/54. A World Beyond - Kan Gao.mp3
2026-05-01T19:26:34 update: added To The Moon Series/Impostor Factory OST/55. Waking Up - Kan Gao.mp3
2026-05-01T19:26:34 update: added To The Moon Series/Impostor Factory OST/56. The Mirror Lied [from The Mirror Lied] - Kan Gao.mp3
2026-05-01T19:26:34 update: added To The Moon Series/Impostor Factory OST/57. All There Is - Kan Gao.mp3
2026-05-01T19:26:34 update: added To The Moon Series/Impostor Factory OST/58. One Last Trip - Kan Gao.mp3
2026-05-01T19:26:34 update: added To The Moon Series/Impostor Factory OST/59. A Reality Somewhere (Ending Suite) - Kan Gao.mp3
2026-05-01T19:26:34 update: added To The Moon Series/Impostor Factory OST/60. Lullaby from a Star (Credit Theme feat. Pealeaf) - Kan Gao.mp3
2026-05-01T19:26:34 update: added To The Moon Series/Impostor Factory OST/61. Great Wide Unknown (Bonus Song) - Pealeaf.mp3
2026-05-01T19:26:34 update: added To The Moon Series/Just A To the Moon Series Beach OST/01. (Trailer Theme) Just a To the Moon Series Beach Episode.flac
2026-05-01T19:26:34 update: added To The Moon Series/Just A To the Moon Series Beach OST/02. (Title Theme) Just a To the Moon Series Beach Episode.flac
2026-05-01T19:26:34 update: added To The Moon Series/Just A To the Moon Series Beach OST/03. The Day Off (Bus Map Music).flac
2026-05-01T19:26:34 update: added To The Moon Series/Just A To the Moon Series Beach OST/04. For River - Lobby Piano Version.flac
2026-05-01T19:26:34 update: added To The Moon Series/Just A To the Moon Series Beach OST/05. Born a Stranger - Lobby Piano Version.flac
2026-05-01T19:26:34 update: added To The Moon Series/Just A To the Moon Series Beach OST/06. Time is a Place - Lobby Piano Version.flac
2026-05-01T19:26:34 update: added To The Moon Series/Just A To the Moon Series Beach OST/07. Faye's Theme - Lobby Piano Version.flac
2026-05-01T19:26:34 update: added To The Moon Series/Just A To the Moon Series Beach OST/08. Lullaby from a Star - Lobby Piano Version.flac
2026-05-01T19:26:34 update: added To The Moon Series/Just A To the Moon Series Beach OST/09. To Realize (Quintessence) - Lobby Piano Version.flac
2026-05-01T19:26:34 update: added To The Moon Series/Just A To the Moon Series Beach OST/10. Envy (Quintessence) - Lobby Piano Version.flac
2026-05-01T19:26:34 update: added To The Moon Series/Just A To the Moon Series Beach OST/11. Kaire's Theme (Quintessence) - Lobby Piano Version.flac
2026-05-01T19:26:34 update: added To The Moon Series/Just A To the Moon Series Beach OST/12. Arcade - Bestest Hero.flac
2026-05-01T19:26:34 update: added To The Moon Series/Just A To the Moon Series Beach OST/13. Victory Theme - Eva.flac
2026-05-01T19:26:34 update: added To The Moon Series/Just A To the Moon Series Beach OST/14. Victory Theme - Neil.flac
2026-05-01T19:26:34 update: added To The Moon Series/Just A To the Moon Series Beach OST/15. Victory Theme - Roxie.flac
2026-05-01T19:26:34 update: added To The Moon Series/Just A To the Moon Series Beach OST/16. Victory Theme - Rob.flac
2026-05-01T19:26:34 update: added To The Moon Series/Just A To the Moon Series Beach OST/17. To the Moon Lofi Medley.flac
2026-05-01T19:26:34 update: added To The Moon Series/Just A To the Moon Series Beach OST/18. Finding Paradise Lofi Medley.flac
2026-05-01T19:26:34 update: added To The Moon Series/Just A To the Moon Series Beach OST/19. Impostor Factory Lofi Medley.flac
2026-05-01T19:26:34 update: added To The Moon Series/Just A To the Moon Series Beach OST/20. Neil and Eva Lofi Medley.flac
2026-05-01T19:26:34 update: added To The Moon Series/Just A To the Moon Series Beach OST/21. World in a Memory.flac
2026-05-01T19:26:34 update: added To The Moon Series/Just A To the Moon Series Beach OST/22. I Still Remember Everything.flac
2026-05-01T19:26:34 update: added To The Moon Series/To the Moon OST/01 To the Moon - Main Theme.flac
2026-05-01T19:26:34 update: added To The Moon Series/To the Moon OST/02 Between a Squirrel and a Tree.flac
2026-05-01T19:26:34 update: added To The Moon Series/To the Moon OST/03 Spiral of Secrets.flac
2026-05-01T19:26:34 update: added To The Moon Series/To the Moon OST/04 For River - Piano (Sarah & Tommy's Version).flac
2026-05-01T19:26:34 update: added To The Moon Series/To the Moon OST/05 Bestest Detectives in the World.flac
2026-05-01T19:26:34 update: added To The Moon Series/To the Moon OST/06 Too Bad So Sad.flac
2026-05-01T19:26:34 update: added To The Moon Series/To the Moon OST/07 Teddy.flac
2026-05-01T19:26:34 update: added To The Moon Series/To the Moon OST/08 Uncharted Realms.flac
2026-05-01T19:26:34 update: added To The Moon Series/To the Moon OST/09 Having Lived.flac
2026-05-01T19:26:35 update: added To The Moon Series/To the Moon OST/10 Moonwisher.flac
2026-05-01T19:26:35 update: added To The Moon Series/To the Moon OST/11 Born a Stranger.flac
2026-05-01T19:26:35 update: added To The Moon Series/To the Moon OST/12 For River - Piano (Johnny's Version).flac
2026-05-01T19:26:35 update: added To The Moon Series/To the Moon OST/13 Lament of a Stranger.flac
2026-05-01T19:26:35 update: added To The Moon Series/To the Moon OST/14 Everything's Alright (Music Box).flac
2026-05-01T19:26:35 update: added To The Moon Series/To the Moon OST/15 Moongazer.flac
2026-05-01T19:26:35 update: added To The Moon Series/To the Moon OST/16 Anya by the Stars.flac
2026-05-01T19:26:35 update: added To The Moon Series/To the Moon OST/17 Take Me Anywhere.flac
2026-05-01T19:26:35 update: added To The Moon Series/To the Moon OST/18 Warning (AKA best track ever).flac
2026-05-01T19:26:35 update: added To The Moon Series/To the Moon OST/19 Beta-B.flac
2026-05-01T19:26:35 update: added To The Moon Series/To the Moon OST/20 World's Smallest Ferris Wheel.flac
2026-05-01T19:26:35 update: added To The Moon Series/To the Moon OST/21 Once Upon a Memory.flac
2026-05-01T19:26:35 update: added To The Moon Series/To the Moon OST/22 Once Upon a Memory (Piano).flac
2026-05-01T19:26:35 update: added To The Moon Series/To the Moon OST/23 Everything's Alright.flac
2026-05-01T19:26:35 update: added To The Moon Series/To the Moon OST/24 Everything's Alright (Reprise).flac
2026-05-01T19:26:35 update: added To The Moon Series/To the Moon OST/25 Tomorrow.flac
2026-05-01T19:26:35 update: added To The Moon Series/To the Moon OST/26 Launch.flac
2026-05-01T19:26:35 update: added To The Moon Series/To the Moon OST/27 To the Moon  - Piano (Ending Version).flac
2026-05-01T19:26:35 update: added To The Moon Series/To the Moon OST/28 Eva's Ringtone.flac
2026-05-01T19:26:35 update: added To The Moon Series/To the Moon OST/29 Trailer Theme - Part 1.flac
2026-05-01T19:26:35 update: added To The Moon Series/To the Moon OST/30 Trailer Theme - Part 2 (feat. Laura Shigihara).flac
2026-05-01T19:26:35 update: added To The Moon Series/To the Moon OST/31 Trailer Theme - Part 2 (Instrumental).flac
2026-05-01T19:26:35 update: added To The Moon Series/To the Moon OST/32 For River - Holiday Edition.flac
2026-05-01T19:26:35 update: added To The Moon Series/To the Moon OST/33. Everything's Alright (Bonus Version).flac
2026-05-01T19:26:35 update: added /output_audio.wav
2026-05-01T19:26:44 exception: Failed to open /home/beiming/.config/mpd/playlist: No such file or directory
2026-05-01T19:26:55 player: played "output_audio.wav"
2026-05-01T19:27:57 player: played "output_audio.wav"
2026-05-01T19:29:34 exception: Failed to open /home/beiming/.config/mpd/playlist: No such file or directory
2026-05-01T19:30:36 player: played "output_audio.wav"
2026-05-01T19:32:10 update: added /1.aac
2026-05-01T19:32:10 exception: Failed to open /home/beiming/.config/mpd/playlist: No such file or directory
2026-05-01T19:36:42 player: played "1.aac"
2026-05-01T21:31:01 exception: Failed to open /home/beiming/.config/mpd/playlist: No such file or directory
2026-05-01T21:31:09 update: added /张喆&郭好为 - 何须问(电影《白蛇：浮生》定情曲).flac
2026-05-01T21:31:09 update: removing output_audio.wav
2026-05-01T21:31:09 update: removing 1.aac
2026-05-01T21:31:09 exception: Failed to open /home/beiming/.config/mpd/playlist: No such file or directory
2026-05-01T21:36:17 player: played "张喆&郭好为 - 何须问(电影《白蛇：浮生》定情曲).flac"
2026-05-01T22:33:13 update: removing 张喆&郭好为 - 何须问(电影《白蛇：浮生》定情曲).flac
2026-05-01T22:33:49 exception: Failed to open /home/beiming/.config/mpd/playlist: No such file or directory
ALSA lib pcm_dsnoop.c:572:(snd_pcm_dsnoop_open) [error.pcm] unable to open slave
ALSA lib pcm_dmix.c:1000:(snd_pcm_dmix_open) [error.pcm] unable to open slave
ALSA lib pcm.c:2722:(snd_pcm_open_noupdate) [error.pcm] Unknown PCM cards.pcm.rear
ALSA lib pcm.c:2722:(snd_pcm_open_noupdate) [error.pcm] Unknown PCM cards.pcm.center_lfe
ALSA lib pcm.c:2722:(snd_pcm_open_noupdate) [error.pcm] Unknown PCM cards.pcm.side
ALSA lib pcm_oss.c:404:(_snd_pcm_oss_open) [error.] Cannot open device /dev/dsp
ALSA lib pcm_oss.c:404:(_snd_pcm_oss_open) [error.] Cannot open device /dev/dsp
ALSA lib pcm_a52.c:1036:(_snd_pcm_a52_open) [error.] a52 is only for playback
ALSA lib confmisc.c:160:(snd_config_get_card) [error.core] Invalid field card
ALSA lib pcm_usb_stream.c:481:(_snd_pcm_usb_stream_open) [error.] Invalid card 'card'
ALSA lib confmisc.c:160:(snd_config_get_card) [error.core] Invalid field card
ALSA lib pcm_usb_stream.c:481:(_snd_pcm_usb_stream_open) [error.] Invalid card 'card'
ALSA lib pcm_dmix.c:1000:(snd_pcm_dmix_open) [error.pcm] unable to open slave
fluidsynth: warning: SDL3 not initialized, SDL3 audio driver won't be usable. Have you called SDL_Init(SDL_INIT_AUDIO) ?
fluidsynth: error: fluid_sfloader_load(): Failed to open '/usr/share/sounds/sf2/FluidR3_GM.sf2': File does not exist.
fluidsynth: error: Unable to open file '/usr/share/sounds/sf2/FluidR3_GM.sf2'
fluidsynth: error: fluid_sfloader_load(): Failed to open '/usr/share/sounds/sf2/FluidR3_GM.sf2': File does not exist.
fluidsynth: error: Exception thrown in fluid_dls_font constructor
fluidsynth: error: exc: Unable to open file '/usr/share/sounds/sf2/FluidR3_GM.sf2'
fluidsynth: error: Failed to load SoundFont "/usr/share/sounds/sf2/FluidR3_GM.sf2"
2026-05-01T22:34:07 fluidsynth: fluid_synth_sfload() failed
2026-05-01T22:34:07 ffmpeg/libmodplug: Format libmodplug detected only with low score of 24, misdetection possible!
load_pat > can not open /usr/local/share/timidity/timidity.cfg, use environment variable MMPAT_PATH_TO_CFG for the directory
2026-05-01T22:34:08 player: played "纸嫁衣/纸嫁衣5《无间梦境》来生戏midi.mid"
2026-05-01T22:34:11 exception: Failed to open /home/beiming/.config/mpd/playlist: No such file or directory
2026-05-01T22:35:34 player: played "To The Moon Series/Just A To the Moon Series Beach OST/01. (Trailer Theme) Just a To the Moon Series Beach Episode.flac"
2026-05-01T22:35:39 player: played "To The Moon Series/Just A To the Moon Series Beach OST/01. (Trailer Theme) Just a To the Moon Series Beach Episode.flac"
2026-05-01T22:38:07 player: played "To The Moon Series/Just A To the Moon Series Beach OST/01. (Trailer Theme) Just a To the Moon Series Beach Episode.flac"
2026-05-01T22:39:52 player: played "To The Moon Series/Just A To the Moon Series Beach OST/02. (Title Theme) Just a To the Moon Series Beach Episode.flac"
2026-05-01T23:04:04 mixer: Failed to read mixer for "Default ALSA": no such mixer control: PCM
2026-05-01T23:04:18 exception: Failed to open /home/beiming/.config/mpd/playlist: No such file or directory
2026-05-01T23:04:37 output: Failed to open mixer for "Default ALSA": no such mixer control: PCM
2026-05-01T23:04:38 alsa_output: Decoder is too slow; playing silence to avoid xrun
2026-05-01T23:04:38 player: played "纸嫁衣/【双声道】你离开的村落.flac"
2026-05-01T23:13:40 output: Failed to open mixer for "Default ALSA": no such mixer control: PCM
2026-05-01T23:13:40 alsa_output: Decoder is too slow; playing silence to avoid xrun
2026-05-01T23:13:43 player: played "纸嫁衣/你离开的村落伴奏.flac"
2026-05-01T23:14:05 output: Failed to open mixer for "Default ALSA": no such mixer control: PCM
2026-05-01T23:14:06 alsa_output: Decoder is too slow; playing silence to avoid xrun
2026-05-01T23:14:08 player: played "纸嫁衣/你离开的村落伴奏.flac"
2026-05-01T23:15:02 output: Failed to open mixer for "Default ALSA": no such mixer control: PCM
2026-05-01T23:15:03 alsa_output: Decoder is too slow; playing silence to avoid xrun
2026-05-01T23:15:07 player: played "纸嫁衣/你离开的村落伴奏.flac"
2026-05-01T23:15:24 output: Failed to open mixer for "Default ALSA": no such mixer control: PCM
2026-05-01T23:15:25 alsa_output: Decoder is too slow; playing silence to avoid xrun
2026-05-01T23:15:59 player: played "纸嫁衣/你离开的村落伴奏.flac"
2026-05-01T23:16:01 exception: Failed to open /home/beiming/.config/mpd/playlist: No such file or directory
2026-05-01T23:16:08 output: Failed to open mixer for "Default ALSA": no such mixer control: PCM
2026-05-01T23:16:08 alsa_output: Decoder is too slow; playing silence to avoid xrun
2026-05-01T23:17:04 player: played "最美的青春/最美的颜色.flac"
2026-05-01T23:21:37 output: Failed to open mixer for "Default ALSA": no such mixer control: PCM
2026-05-01T23:21:37 alsa_output: Decoder is too slow; playing silence to avoid xrun
2026-05-01T23:24:41 flac: FLAC__STREAM_DECODER_ERROR_STATUS_LOST_SYNC
2026-05-01T23:25:03 player: played "最美的青春/最美的颜色.flac"
2026-05-01T23:29:38 exception: Failed to open /home/beiming/.config/mpd/playlist: No such file or directory
2026-05-01T23:29:46 output: Failed to open mixer for "Default ALSA": no such mixer control: PCM
2026-05-01T23:29:46 alsa_output: Decoder is too slow; playing silence to avoid xrun
2026-05-01T23:33:40 player: played "三国杀/长乐调.flac"
2026-05-01T23:33:58 exception: Not playing
2026-05-01T23:34:20 exception: Not playing
2026-05-01T23:35:45 exception: Failed to open /home/beiming/.config/mpd/playlist: No such file or directory
2026-05-01T23:36:10 alsa_output: Decoder is too slow; playing silence to avoid xrun
2026-05-01T23:38:04 player: played "三国杀/长乐调.flac"
2026-05-01T23:38:25 mixer: Failed to read mixer for "Default ALSA": no such mixer control: PCM
2026-05-01T23:38:27 exception: Failed to open /home/beiming/.config/mpd/playlist: No such file or directory
2026-05-01T23:38:37 output: Failed to open mixer for "Default ALSA": no such mixer control: PCM
2026-05-01T23:38:37 alsa_output: Decoder is too slow; playing silence to avoid xrun
2026-05-01T23:41:47 player: played "纸嫁衣/【双声道】你离开的村落.flac"
2026-05-01T23:42:35 mixer: Failed to read mixer for "Default ALSA": no such mixer control: PCM
2026-05-01T23:42:40 exception: Failed to open /home/beiming/.config/mpd/playlist: No such file or directory
2026-05-01T23:43:03 output: Failed to open mixer for "Default ALSA": no such mixer control: PCM
2026-05-01T23:43:14 player: played "纸嫁衣/【双声道】你离开的村落.flac"
2026-05-01T23:43:49 mixer: Failed to read mixer for "Default ALSA": no such mixer control: PCM
2026-05-01T23:45:16 mixer: Failed to read mixer for "Default ALSA": no such mixer control: PCM
2026-05-01T23:45:29 output: Failed to open mixer for "Default ALSA": no such mixer control: PCM
2026-05-01T23:45:29 alsa_output: Decoder is too slow; playing silence to avoid xrun
2026-05-01T23:46:02 player: played "纸嫁衣/你离开的村落伴奏.flac"
2026-05-01T23:46:04 exception: Failed to open /home/beiming/.config/mpd/playlist: No such file or directory
2026-05-01T23:46:08 output: Failed to open mixer for "Default ALSA": no such mixer control: PCM
2026-05-01T23:46:09 alsa_output: Decoder is too slow; playing silence to avoid xrun
2026-05-01T23:50:03 player: played "三国杀/长乐调.flac"
2026-05-01T23:50:04 exception: Failed to open /home/beiming/.config/mpd/playlist: No such file or directory
2026-05-01T23:50:09 output: Failed to open mixer for "Default ALSA": no such mixer control: PCM
2026-05-01T23:50:09 alsa_output: Decoder is too slow; playing silence to avoid xrun
2026-05-01T23:50:20 exception: Failed to open /home/beiming/.config/mpd/playlist: No such file or directory
2026-05-01T23:50:25 player: played "最美的青春/最美的颜色.flac"
2026-05-01T23:50:31 output: Failed to open mixer for "Default ALSA": no such mixer control: PCM
2026-05-01T23:50:32 alsa_output: Decoder is too slow; playing silence to avoid xrun
2026-05-01T23:51:23 player: played "最美的青春/最美的颜色.flac"
2026-05-01T23:52:59 exception: Failed to open /home/beiming/.config/mpd/playlist: No such file or directory
2026-05-01T23:53:13 player: played "最美的青春/最美的颜色.flac"
2026-05-01T23:53:28 exception: Failed to open /home/beiming/.config/mpd/playlist: No such file or directory
2026-05-01T23:53:43 alsa_output: Decoder is too slow; playing silence to avoid xrun
2026-05-01T23:54:18 player: played "最美的青春/最美的颜色.flac"
2026-05-02T00:06:37 mixer: Failed to read mixer for "Default ALSA": no such mixer control: PCM
2026-05-02T00:06:39 exception: Failed to open /home/beiming/.config/mpd/playlist: No such file or directory
2026-05-02T00:06:45 output: Failed to open mixer for "Default ALSA": no such mixer control: PCM
2026-05-02T00:06:46 player: played "To The Moon Series/Finding Paradise OST/01 Finding Paradise - Trailer Theme.flac"
2026-05-02T00:06:53 output: Failed to open mixer for "Default ALSA": no such mixer control: PCM
2026-05-02T00:08:52 player: played "To The Moon Series/Finding Paradise OST/01 Finding Paradise - Trailer Theme.flac"
2026-05-02T00:10:55 player: played "To The Moon Series/Finding Paradise OST/02 Finding Paradise - Title Theme (Short Vers.).flac"
2026-05-04T18:02:43 mixer: Failed to read mixer for "Default ALSA": no such mixer control: PCM
2026-05-04T18:02:44 exception: Failed to open /home/beiming/.config/mpd/playlist: No such file or directory
2026-05-04T18:03:08 output: Failed to open mixer for "Default ALSA": no such mixer control: PCM
2026-05-04T18:03:17 player: played "纸嫁衣/【双声道】你离开的村落.flac"
2026-05-04T18:03:26 mixer: Failed to read mixer for "Default ALSA": no such mixer control: PCM
2026-05-04T18:03:27 exception: Failed to open /home/beiming/.config/mpd/playlist: No such file or directory
2026-05-04T18:03:33 output: Failed to open mixer for "Default ALSA": no such mixer control: PCM
2026-05-04T18:03:34 alsa_output: Decoder is too slow; playing silence to avoid xrun
2026-05-04T18:03:48 player: played "纸嫁衣/【双声道】你离开的村落.flac"
2026-05-04T18:04:13 output: Failed to open mixer for "Default ALSA": no such mixer control: PCM
2026-05-04T18:04:14 alsa_output: Decoder is too slow; playing silence to avoid xrun
2026-05-04T18:04:31 player: played "纸嫁衣/【双声道】你离开的村落.flac"
2026-05-05T15:46:20 mixer: Failed to read mixer for "Default ALSA": no such mixer control: PCM
2026-05-05T15:46:22 exception: Failed to open /home/beiming/.config/mpd/playlist: No such file or directory
2026-05-05T15:46:24 update: added 白蛇：浮生/10逍遥山涧.flac
2026-05-05T15:46:24 update: added 白蛇：浮生/11库银失窃.flac
2026-05-05T15:46:24 update: added 白蛇：浮生/12送请帖.flac
2026-05-05T15:46:24 update: added 白蛇：浮生/13宝青戏坊.flac
2026-05-05T15:46:24 update: added 白蛇：浮生/14法海捉妖.flac
2026-05-05T15:46:24 update: added 白蛇：浮生/15密炼雄黄.flac
2026-05-05T15:46:24 update: added 白蛇：浮生/16巨蟒现身.flac
2026-05-05T15:46:24 update: added 白蛇：浮生/17宝青秘境.flac
2026-05-05T15:46:24 update: added 白蛇：浮生/18昆仑盗仙草.flac
2026-05-05T15:46:24 update: added 白蛇：浮生/19池边妙计.flac
2026-05-05T15:46:24 update: added 白蛇：浮生/1前世记忆.flac
2026-05-05T15:46:24 update: added 白蛇：浮生/20斩蛇.flac
2026-05-05T15:46:24 update: added 白蛇：浮生/21小青相亲.flac
2026-05-05T15:46:24 update: added 白蛇：浮生/22随顺因缘.flac
2026-05-05T15:46:24 update: added 白蛇：浮生/23法海设局.flac
2026-05-05T15:46:24 update: added 白蛇：浮生/24许宅变废墟.flac
2026-05-05T15:46:24 update: added 白蛇：浮生/25物换人非.flac
2026-05-05T15:46:24 update: added 白蛇：浮生/27金刚狮子吼.flac
2026-05-05T15:46:24 update: added 白蛇：浮生/28玉笛破阵.flac
2026-05-05T15:46:24 update: added 白蛇：浮生/29文曲星降世.flac
2026-05-05T15:46:24 update: added 白蛇：浮生/2珠钗缘起.flac
2026-05-05T15:46:24 update: added 白蛇：浮生/30人间值得.flac
2026-05-05T15:46:24 update: added 白蛇：浮生/31浮生一白.flac
2026-05-05T15:46:24 update: added 白蛇：浮生/3断桥初识.flac
2026-05-05T15:46:24 update: added 白蛇：浮生/4泛舟何须问.flac
2026-05-05T15:46:24 update: added 白蛇：浮生/5赴约丰乐楼.flac
2026-05-05T15:46:24 update: added 白蛇：浮生/6许宅婚宴.flac
2026-05-05T15:46:24 update: added 白蛇：浮生/7红烛新婚.flac
2026-05-05T15:46:24 update: added 白蛇：浮生/8鼠妖投毒.flac
2026-05-05T15:46:24 update: added 白蛇：浮生/9小青盗官银.flac
2026-05-05T15:46:24 update: added 白蛇：浮生/32何须问.wav
2026-05-05T15:46:24 update: added 白蛇：缘起/10白浪滩对峙.flac
2026-05-05T15:46:24 update: added 白蛇：缘起/11寒夜.flac
2026-05-05T15:46:24 update: added 白蛇：缘起/12宝青坊.flac
2026-05-05T15:46:24 update: added 白蛇：缘起/13朱雀玄武·法阵灭情.flac
2026-05-05T15:46:24 update: added 白蛇：缘起/14缠绵.flac
2026-05-05T15:46:24 update: added 白蛇：缘起/15蒲公英下.flac
2026-05-05T15:46:24 update: added 白蛇：缘起/16金线与法阵之战.flac
2026-05-05T15:46:24 update: added 白蛇：缘起/17星宿寻生.flac
2026-05-05T15:46:24 update: added 白蛇：缘起/18记得，真好.flac
2026-05-05T15:46:24 update: added 白蛇：缘起/19诀别.flac
2026-05-05T15:46:24 update: added 白蛇：缘起/1初原.flac
2026-05-05T15:46:24 update: added 白蛇：缘起/20转世·修行.flac
2026-05-05T15:46:24 update: added 白蛇：缘起/21春问.flac
2026-05-05T15:46:24 update: added 白蛇：缘起/22何须问（银临）.flac
2026-05-05T15:46:24 update: added 白蛇：缘起/2修行.flac
2026-05-05T15:46:24 update: added 白蛇：缘起/3魔咒.flac
2026-05-05T15:46:24 update: added 白蛇：缘起/4在山间.flac
2026-05-05T15:46:24 update: added 白蛇：缘起/5逆风行.flac
2026-05-05T15:46:24 update: added 白蛇：缘起/6夜静窗前.flac
2026-05-05T15:46:24 update: added 白蛇：缘起/7静谧江面.flac
2026-05-05T15:46:24 update: added 白蛇：缘起/8何须问（阿宣版）.flac
2026-05-05T15:46:24 update: added 白蛇：缘起/9不妨不妨，来日方长.flac
2026-05-05T15:46:24 exception: Failed to open /home/beiming/.config/mpd/playlist: No such file or directory
2026-05-05T15:46:49 output: Failed to open mixer for "Default ALSA": no such mixer control: PCM
2026-05-05T15:46:54 player: played "白蛇：浮生/32何须问.wav"
2026-05-05T15:47:04 mixer: Failed to read mixer for "Default ALSA": no such mixer control: PCM
2026-05-05T15:47:06 exception: Failed to open /home/beiming/.config/mpd/playlist: No such file or directory
2026-05-05T15:47:19 output: Failed to open mixer for "Default ALSA": no such mixer control: PCM
2026-05-05T15:47:19 alsa_output: Decoder is too slow; playing silence to avoid xrun
2026-05-05T15:52:21 player: played "白蛇：浮生/32何须问.wav"
2026-05-05T15:58:18 update: removing 白蛇：缘起/8何须问（阿宣版）.flac
2026-05-05T15:58:18 update: removing 白蛇：缘起/22何须问（银临）.flac
2026-05-05T15:58:18 update: removing 白蛇：缘起/13朱雀玄武·法阵灭情.flac
2026-05-05T15:58:18 update: removing 白蛇：缘起/9不妨不妨，来日方长.flac
2026-05-05T15:58:18 update: removing 白蛇：缘起/7静谧江面.flac
2026-05-05T15:58:18 update: removing 白蛇：缘起/6夜静窗前.flac
2026-05-05T15:58:18 update: removing 白蛇：缘起/5逆风行.flac
2026-05-05T15:58:18 update: removing 白蛇：缘起/4在山间.flac
2026-05-05T15:58:18 update: removing 白蛇：缘起/3魔咒.flac
2026-05-05T15:58:18 update: removing 白蛇：缘起/2修行.flac
2026-05-05T15:58:18 update: removing 白蛇：缘起/21春问.flac
2026-05-05T15:58:18 update: removing 白蛇：缘起/20转世·修行.flac
2026-05-05T15:58:18 update: removing 白蛇：缘起/1初原.flac
2026-05-05T15:58:18 update: removing 白蛇：缘起/19诀别.flac
2026-05-05T15:58:18 update: removing 白蛇：缘起/18记得，真好.flac
2026-05-05T15:58:18 update: removing 白蛇：缘起/17星宿寻生.flac
2026-05-05T15:58:18 update: removing 白蛇：缘起/16金线与法阵之战.flac
2026-05-05T15:58:18 update: removing 白蛇：缘起/15蒲公英下.flac
2026-05-05T15:58:18 update: removing 白蛇：缘起/14缠绵.flac
2026-05-05T15:58:18 update: removing 白蛇：缘起/12宝青坊.flac
2026-05-05T15:58:18 update: removing 白蛇：缘起/11寒夜.flac
2026-05-05T15:58:18 update: removing 白蛇：缘起/10白浪滩对峙.flac
2026-05-05T15:58:18 update: removing 白蛇：浮生/32何须问.wav
2026-05-05T15:58:18 update: removing 白蛇：浮生/9小青盗官银.flac
2026-05-05T15:58:18 update: removing 白蛇：浮生/8鼠妖投毒.flac
2026-05-05T15:58:18 update: removing 白蛇：浮生/7红烛新婚.flac
2026-05-05T15:58:18 update: removing 白蛇：浮生/6许宅婚宴.flac
2026-05-05T15:58:18 update: removing 白蛇：浮生/5赴约丰乐楼.flac
2026-05-05T15:58:18 update: removing 白蛇：浮生/4泛舟何须问.flac
2026-05-05T15:58:18 update: removing 白蛇：浮生/3断桥初识.flac
2026-05-05T15:58:18 update: removing 白蛇：浮生/31浮生一白.flac
2026-05-05T15:58:18 update: removing 白蛇：浮生/30人间值得.flac
2026-05-05T15:58:18 update: removing 白蛇：浮生/2珠钗缘起.flac
2026-05-05T15:58:18 update: removing 白蛇：浮生/29文曲星降世.flac
2026-05-05T15:58:18 update: removing 白蛇：浮生/28玉笛破阵.flac
2026-05-05T15:58:18 update: removing 白蛇：浮生/27金刚狮子吼.flac
2026-05-05T15:58:18 update: removing 白蛇：浮生/25物换人非.flac
2026-05-05T15:58:18 update: removing 白蛇：浮生/24许宅变废墟.flac
2026-05-05T15:58:18 update: removing 白蛇：浮生/23法海设局.flac
2026-05-05T15:58:18 update: removing 白蛇：浮生/22随顺因缘.flac
2026-05-05T15:58:18 update: removing 白蛇：浮生/21小青相亲.flac
2026-05-05T15:58:18 update: removing 白蛇：浮生/20斩蛇.flac
2026-05-05T15:58:18 update: removing 白蛇：浮生/1前世记忆.flac
2026-05-05T15:58:18 update: removing 白蛇：浮生/19池边妙计.flac
2026-05-05T15:58:18 update: removing 白蛇：浮生/18昆仑盗仙草.flac
2026-05-05T15:58:18 update: removing 白蛇：浮生/17宝青秘境.flac
2026-05-05T15:58:18 update: removing 白蛇：浮生/16巨蟒现身.flac
2026-05-05T15:58:18 update: removing 白蛇：浮生/15密炼雄黄.flac
2026-05-05T15:58:18 update: removing 白蛇：浮生/14法海捉妖.flac
2026-05-05T15:58:18 update: removing 白蛇：浮生/13宝青戏坊.flac
2026-05-05T15:58:18 update: removing 白蛇：浮生/12送请帖.flac
2026-05-05T15:58:18 update: removing 白蛇：浮生/11库银失窃.flac
2026-05-05T15:58:18 update: removing 白蛇：浮生/10逍遥山涧.flac
2026-05-05T15:59:19 exception: Failed to open ZIP file "/home/beiming/Music/白蛇：浮生.zip"
2026-05-05T16:00:31 update: added 白蛇：浮生/10逍遥山涧.flac
2026-05-05T16:00:31 update: added 白蛇：浮生/11库银失窃.flac
2026-05-05T16:00:31 update: added 白蛇：浮生/12送请帖.flac
2026-05-05T16:00:31 update: added 白蛇：浮生/13宝青戏坊.flac
2026-05-05T16:00:31 update: added 白蛇：浮生/14法海捉妖.flac
2026-05-05T16:00:31 update: added 白蛇：浮生/15密炼雄黄.flac
2026-05-05T16:00:31 update: added 白蛇：浮生/16巨蟒现身.flac
2026-05-05T16:00:31 update: added 白蛇：浮生/17宝青秘境.flac
2026-05-05T16:00:31 update: added 白蛇：浮生/18昆仑盗仙草.flac
2026-05-05T16:00:31 update: added 白蛇：浮生/19池边妙计.flac
2026-05-05T16:00:31 update: added 白蛇：浮生/1前世记忆.flac
2026-05-05T16:00:31 update: added 白蛇：浮生/20斩蛇.flac
2026-05-05T16:00:31 update: added 白蛇：浮生/21小青相亲.flac
2026-05-05T16:00:31 update: added 白蛇：浮生/22随顺因缘.flac
2026-05-05T16:00:31 update: added 白蛇：浮生/23法海设局.flac
2026-05-05T16:00:31 update: added 白蛇：浮生/24许宅变废墟.flac
2026-05-05T16:00:31 update: added 白蛇：浮生/25物换人非.flac
2026-05-05T16:00:31 update: added 白蛇：浮生/27金刚狮子吼.flac
2026-05-05T16:00:31 update: added 白蛇：浮生/28玉笛破阵.flac
2026-05-05T16:00:31 update: added 白蛇：浮生/29文曲星降世.flac
2026-05-05T16:00:31 update: added 白蛇：浮生/2珠钗缘起.flac
2026-05-05T16:00:31 update: added 白蛇：浮生/30人间值得.flac
2026-05-05T16:00:31 update: added 白蛇：浮生/31浮生一白.flac
2026-05-05T16:00:31 update: added 白蛇：浮生/32何须问.wav
2026-05-05T16:00:31 update: added 白蛇：浮生/3断桥初识.flac
2026-05-05T16:00:31 update: added 白蛇：浮生/4泛舟何须问.flac
2026-05-05T16:00:31 update: added 白蛇：浮生/5赴约丰乐楼.flac
2026-05-05T16:00:31 update: added 白蛇：浮生/6许宅婚宴.flac
2026-05-05T16:00:31 update: added 白蛇：浮生/7红烛新婚.flac
2026-05-05T16:00:31 update: added 白蛇：浮生/8鼠妖投毒.flac
2026-05-05T16:00:31 update: added 白蛇：浮生/9小青盗官银.flac
2026-05-05T16:00:33 exception: Failed to open /home/beiming/.config/mpd/playlist: No such file or directory
2026-05-05T16:00:58 exception: Failed to open /home/beiming/.config/mpd/playlist: No such file or directory
2026-05-05T16:07:41 exception: Failed to open /home/beiming/.config/mpd/playlist: No such file or directory
2026-05-05T16:07:47 exception: Failed to open /home/beiming/.config/mpd/playlist: No such file or directory
2026-05-05T16:07:49 exception: Failed to open /home/beiming/.config/mpd/playlist: No such file or directory
2026-05-05T16:08:35 exception: Failed to open ZIP file "/home/beiming/Music/白蛇：浮生.zip"
2026-05-05T16:08:35 update: removing 白蛇：浮生/32何须问.wav
2026-05-05T16:08:35 update: removing 白蛇：浮生/31浮生一白.flac
2026-05-05T16:08:35 update: removing 白蛇：浮生/29文曲星降世.flac
2026-05-05T16:08:35 update: removing 白蛇：浮生/28玉笛破阵.flac
2026-05-05T16:08:35 update: removing 白蛇：浮生/27金刚狮子吼.flac
2026-05-05T16:08:35 update: removing 白蛇：浮生/25物换人非.flac
2026-05-05T16:08:35 update: removing 白蛇：浮生/24许宅变废墟.flac
2026-05-05T16:08:35 update: removing 白蛇：浮生/23法海设局.flac
2026-05-05T16:08:35 update: removing 白蛇：浮生/22随顺因缘.flac
2026-05-05T16:08:35 update: removing 白蛇：浮生/20斩蛇.flac
2026-05-05T16:08:35 update: removing 白蛇：浮生/19池边妙计.flac
2026-05-05T16:08:35 update: removing 白蛇：浮生/18昆仑盗仙草.flac
2026-05-05T16:08:35 update: removing 白蛇：浮生/17宝青秘境.flac
2026-05-05T16:08:35 update: removing 白蛇：浮生/16巨蟒现身.flac
2026-05-05T16:08:35 update: removing 白蛇：浮生/15密炼雄黄.flac
2026-05-05T16:08:35 update: removing 白蛇：浮生/14法海捉妖.flac
2026-05-05T16:08:35 update: removing 白蛇：浮生/13宝青戏坊.flac
2026-05-05T16:08:35 update: removing 白蛇：浮生/12送请帖.flac
2026-05-05T16:08:35 update: removing 白蛇：浮生/11库银失窃.flac
2026-05-05T16:08:35 update: removing 白蛇：浮生/10逍遥山涧.flac
2026-05-05T16:08:35 update: removing 白蛇：浮生/9小青盗官银.flac
2026-05-05T16:08:35 update: removing 白蛇：浮生/8鼠妖投毒.flac
2026-05-05T16:08:35 update: removing 白蛇：浮生/7红烛新婚.flac
2026-05-05T16:08:35 update: removing 白蛇：浮生/6许宅婚宴.flac
2026-05-05T16:08:35 update: removing 白蛇：浮生/21小青相亲.flac
2026-05-05T16:08:35 update: removing 白蛇：浮生/5赴约丰乐楼.flac
2026-05-05T16:08:35 update: removing 白蛇：浮生/4泛舟何须问.flac
2026-05-05T16:08:35 update: removing 白蛇：浮生/3断桥初识.flac
2026-05-05T16:08:35 update: removing 白蛇：浮生/2珠钗缘起.flac
2026-05-05T16:08:35 update: removing 白蛇：浮生/30人间值得.flac
2026-05-05T16:08:35 update: removing 白蛇：浮生/1前世记忆.flac
2026-05-05T16:08:35 exception: Failed to open /home/beiming/.config/mpd/playlist: No such file or directory
2026-05-05T16:09:35 update: added 白蛇：浮生.zip/白蛇：浮生/10逍遥山涧.flac
2026-05-05T16:09:35 update: added 白蛇：浮生.zip/白蛇：浮生/11库银失窃.flac
2026-05-05T16:09:35 update: added 白蛇：浮生.zip/白蛇：浮生/12送请帖.flac
2026-05-05T16:09:35 update: added 白蛇：浮生.zip/白蛇：浮生/13宝青戏坊.flac
2026-05-05T16:09:35 update: added 白蛇：浮生.zip/白蛇：浮生/14法海捉妖.flac
2026-05-05T16:09:35 update: added 白蛇：浮生.zip/白蛇：浮生/15密炼雄黄.flac
2026-05-05T16:09:35 update: added 白蛇：浮生.zip/白蛇：浮生/16巨蟒现身.flac
2026-05-05T16:09:35 update: added 白蛇：浮生.zip/白蛇：浮生/17宝青秘境.flac
2026-05-05T16:09:35 update: added 白蛇：浮生.zip/白蛇：浮生/18昆仑盗仙草.flac
2026-05-05T16:09:35 update: added 白蛇：浮生.zip/白蛇：浮生/19池边妙计.flac
2026-05-05T16:09:35 update: added 白蛇：浮生.zip/白蛇：浮生/1前世记忆.flac
2026-05-05T16:09:35 update: added 白蛇：浮生.zip/白蛇：浮生/20斩蛇.flac
2026-05-05T16:09:35 update: added 白蛇：浮生.zip/白蛇：浮生/21小青相亲.flac
2026-05-05T16:09:35 update: added 白蛇：浮生.zip/白蛇：浮生/22随顺因缘.flac
2026-05-05T16:09:35 update: added 白蛇：浮生.zip/白蛇：浮生/23法海设局.flac
2026-05-05T16:09:35 update: added 白蛇：浮生.zip/白蛇：浮生/24许宅变废墟.flac
2026-05-05T16:09:35 update: added 白蛇：浮生.zip/白蛇：浮生/25物换人非.flac
2026-05-05T16:09:35 update: added 白蛇：浮生.zip/白蛇：浮生/27金刚狮子吼.flac
2026-05-05T16:09:35 update: added 白蛇：浮生.zip/白蛇：浮生/28玉笛破阵.flac
2026-05-05T16:09:35 update: added 白蛇：浮生.zip/白蛇：浮生/29文曲星降世.flac
2026-05-05T16:09:35 update: added 白蛇：浮生.zip/白蛇：浮生/2珠钗缘起.flac
2026-05-05T16:09:35 update: added 白蛇：浮生.zip/白蛇：浮生/30人间值得.flac
2026-05-05T16:09:35 update: added 白蛇：浮生.zip/白蛇：浮生/31浮生一白.flac
2026-05-05T16:09:35 update: added 白蛇：浮生.zip/白蛇：浮生/32何须问.wav
2026-05-05T16:09:35 update: added 白蛇：浮生.zip/白蛇：浮生/3断桥初识.flac
2026-05-05T16:09:35 update: added 白蛇：浮生.zip/白蛇：浮生/4泛舟何须问.flac
2026-05-05T16:09:35 update: added 白蛇：浮生.zip/白蛇：浮生/5赴约丰乐楼.flac
2026-05-05T16:09:35 update: added 白蛇：浮生.zip/白蛇：浮生/6许宅婚宴.flac
2026-05-05T16:09:35 update: added 白蛇：浮生.zip/白蛇：浮生/7红烛新婚.flac
2026-05-05T16:09:35 update: added 白蛇：浮生.zip/白蛇：浮生/8鼠妖投毒.flac
2026-05-05T16:09:35 update: added 白蛇：浮生.zip/白蛇：浮生/9小青盗官银.flac
2026-05-05T16:09:35 exception: Failed to open /home/beiming/.config/mpd/playlist: No such file or directory
2026-05-05T16:09:44 update: added 白蛇：浮生/10逍遥山涧.flac
2026-05-05T16:09:44 update: added 白蛇：浮生/11库银失窃.flac
2026-05-05T16:09:44 update: added 白蛇：浮生/12送请帖.flac
2026-05-05T16:09:44 update: added 白蛇：浮生/13宝青戏坊.flac
2026-05-05T16:09:44 update: added 白蛇：浮生/14法海捉妖.flac
2026-05-05T16:09:44 update: added 白蛇：浮生/15密炼雄黄.flac
2026-05-05T16:09:44 update: added 白蛇：浮生/16巨蟒现身.flac
2026-05-05T16:09:44 update: added 白蛇：浮生/17宝青秘境.flac
2026-05-05T16:09:44 update: added 白蛇：浮生/18昆仑盗仙草.flac
2026-05-05T16:09:44 update: added 白蛇：浮生/19池边妙计.flac
2026-05-05T16:09:44 update: added 白蛇：浮生/1前世记忆.flac
2026-05-05T16:09:44 update: added 白蛇：浮生/20斩蛇.flac
2026-05-05T16:09:44 update: added 白蛇：浮生/21小青相亲.flac
2026-05-05T16:09:44 update: added 白蛇：浮生/22随顺因缘.flac
2026-05-05T16:09:44 update: added 白蛇：浮生/23法海设局.flac
2026-05-05T16:09:44 update: added 白蛇：浮生/24许宅变废墟.flac
2026-05-05T16:09:44 update: added 白蛇：浮生/25物换人非.flac
2026-05-05T16:09:44 update: added 白蛇：浮生/27金刚狮子吼.flac
2026-05-05T16:09:44 update: added 白蛇：浮生/28玉笛破阵.flac
2026-05-05T16:09:44 update: added 白蛇：浮生/29文曲星降世.flac
2026-05-05T16:09:44 update: added 白蛇：浮生/2珠钗缘起.flac
2026-05-05T16:09:44 update: added 白蛇：浮生/30人间值得.flac
2026-05-05T16:09:44 update: added 白蛇：浮生/31浮生一白.flac
2026-05-05T16:09:44 update: added 白蛇：浮生/32何须问.wav
2026-05-05T16:09:44 update: added 白蛇：浮生/3断桥初识.flac
2026-05-05T16:09:44 update: added 白蛇：浮生/4泛舟何须问.flac
2026-05-05T16:09:44 update: added 白蛇：浮生/5赴约丰乐楼.flac
2026-05-05T16:09:44 update: added 白蛇：浮生/6许宅婚宴.flac
2026-05-05T16:09:44 update: added 白蛇：浮生/7红烛新婚.flac
2026-05-05T16:09:44 update: added 白蛇：浮生/8鼠妖投毒.flac
2026-05-05T16:09:44 update: added 白蛇：浮生/9小青盗官银.flac
2026-05-05T16:09:44 exception: Failed to open /home/beiming/.config/mpd/playlist: No such file or directory
2026-05-05T16:09:49 update: removing 白蛇：浮生.zip/白蛇：浮生/30人间值得.flac
2026-05-05T16:09:49 update: removing 白蛇：浮生.zip/白蛇：浮生/32何须问.wav
2026-05-05T16:09:49 update: removing 白蛇：浮生.zip/白蛇：浮生/31浮生一白.flac
2026-05-05T16:09:49 update: removing 白蛇：浮生.zip/白蛇：浮生/29文曲星降世.flac
2026-05-05T16:09:49 update: removing 白蛇：浮生.zip/白蛇：浮生/28玉笛破阵.flac
2026-05-05T16:09:49 update: removing 白蛇：浮生.zip/白蛇：浮生/27金刚狮子吼.flac
2026-05-05T16:09:49 update: removing 白蛇：浮生.zip/白蛇：浮生/25物换人非.flac
2026-05-05T16:09:49 update: removing 白蛇：浮生.zip/白蛇：浮生/24许宅变废墟.flac
2026-05-05T16:09:49 update: removing 白蛇：浮生.zip/白蛇：浮生/23法海设局.flac
2026-05-05T16:09:49 update: removing 白蛇：浮生.zip/白蛇：浮生/22随顺因缘.flac
2026-05-05T16:09:49 update: removing 白蛇：浮生.zip/白蛇：浮生/20斩蛇.flac
2026-05-05T16:09:49 update: removing 白蛇：浮生.zip/白蛇：浮生/19池边妙计.flac
2026-05-05T16:09:49 update: removing 白蛇：浮生.zip/白蛇：浮生/18昆仑盗仙草.flac
2026-05-05T16:09:49 update: removing 白蛇：浮生.zip/白蛇：浮生/17宝青秘境.flac
2026-05-05T16:09:49 update: removing 白蛇：浮生.zip/白蛇：浮生/16巨蟒现身.flac
2026-05-05T16:09:49 update: removing 白蛇：浮生.zip/白蛇：浮生/15密炼雄黄.flac
2026-05-05T16:09:49 update: removing 白蛇：浮生.zip/白蛇：浮生/14法海捉妖.flac
2026-05-05T16:09:49 update: removing 白蛇：浮生.zip/白蛇：浮生/13宝青戏坊.flac
2026-05-05T16:09:49 update: removing 白蛇：浮生.zip/白蛇：浮生/12送请帖.flac
2026-05-05T16:09:49 update: removing 白蛇：浮生.zip/白蛇：浮生/11库银失窃.flac
2026-05-05T16:09:49 update: removing 白蛇：浮生.zip/白蛇：浮生/10逍遥山涧.flac
2026-05-05T16:09:49 update: removing 白蛇：浮生.zip/白蛇：浮生/9小青盗官银.flac
2026-05-05T16:09:49 update: removing 白蛇：浮生.zip/白蛇：浮生/8鼠妖投毒.flac
2026-05-05T16:09:49 update: removing 白蛇：浮生.zip/白蛇：浮生/7红烛新婚.flac
2026-05-05T16:09:49 update: removing 白蛇：浮生.zip/白蛇：浮生/6许宅婚宴.flac
2026-05-05T16:09:49 update: removing 白蛇：浮生.zip/白蛇：浮生/21小青相亲.flac
2026-05-05T16:09:49 update: removing 白蛇：浮生.zip/白蛇：浮生/5赴约丰乐楼.flac
2026-05-05T16:09:49 update: removing 白蛇：浮生.zip/白蛇：浮生/4泛舟何须问.flac
2026-05-05T16:09:49 update: removing 白蛇：浮生.zip/白蛇：浮生/3断桥初识.flac
2026-05-05T16:09:49 update: removing 白蛇：浮生.zip/白蛇：浮生/2珠钗缘起.flac
2026-05-05T16:09:49 update: removing 白蛇：浮生.zip/白蛇：浮生/1前世记忆.flac
2026-05-05T16:09:49 exception: Failed to open /home/beiming/.config/mpd/playlist: No such file or directory
2026-05-05T16:18:04 update: added 白蛇：浮生/out.wav
2026-05-05T16:20:42 update: updating 白蛇：浮生/out.wav
2026-05-05T16:23:33 update: updating 白蛇：浮生/32何须问.wav
2026-05-05T16:23:33 update: updating 白蛇：浮生/out.wav
2026-05-05T16:23:33 update: updating 白蛇：浮生/1前世记忆.flac
2026-05-05T16:23:33 update: updating 白蛇：浮生/2珠钗缘起.flac
2026-05-05T16:23:33 update: updating 白蛇：浮生/3断桥初识.flac
2026-05-05T16:23:33 update: updating 白蛇：浮生/4泛舟何须问.flac
2026-05-05T16:23:33 update: updating 白蛇：浮生/5赴约丰乐楼.flac
2026-05-05T16:23:33 update: updating 白蛇：浮生/6许宅婚宴.flac
2026-05-05T16:23:33 update: updating 白蛇：浮生/7红烛新婚.flac
2026-05-05T16:23:33 update: updating 白蛇：浮生/8鼠妖投毒.flac
2026-05-05T16:23:33 update: updating 白蛇：浮生/9小青盗官银.flac
2026-05-05T16:23:33 update: updating 白蛇：浮生/10逍遥山涧.flac
2026-05-05T16:23:33 update: updating 白蛇：浮生/11库银失窃.flac
2026-05-05T16:23:33 update: updating 白蛇：浮生/12送请帖.flac
2026-05-05T16:23:33 update: updating 白蛇：浮生/13宝青戏坊.flac
2026-05-05T16:23:33 update: updating 白蛇：浮生/14法海捉妖.flac
2026-05-05T16:23:33 update: updating 白蛇：浮生/15密炼雄黄.flac
2026-05-05T16:23:33 update: updating 白蛇：浮生/16巨蟒现身.flac
2026-05-05T16:23:33 update: updating 白蛇：浮生/17宝青秘境.flac
2026-05-05T16:23:33 update: updating 白蛇：浮生/18昆仑盗仙草.flac
2026-05-05T16:23:33 update: updating 白蛇：浮生/19池边妙计.flac
2026-05-05T16:23:33 update: updating 白蛇：浮生/20斩蛇.flac
2026-05-05T16:23:33 update: updating 白蛇：浮生/21小青相亲.flac
2026-05-05T16:23:33 update: updating 白蛇：浮生/22随顺因缘.flac
2026-05-05T16:23:33 update: updating 白蛇：浮生/23法海设局.flac
2026-05-05T16:23:33 update: updating 白蛇：浮生/24许宅变废墟.flac
2026-05-05T16:23:33 update: updating 白蛇：浮生/25物换人非.flac
2026-05-05T16:23:33 update: updating 白蛇：浮生/27金刚狮子吼.flac
2026-05-05T16:23:33 update: updating 白蛇：浮生/28玉笛破阵.flac
2026-05-05T16:23:33 update: updating 白蛇：浮生/29文曲星降世.flac
2026-05-05T16:23:33 update: updating 白蛇：浮生/30人间值得.flac
2026-05-05T16:23:33 update: updating 白蛇：浮生/31浮生一白.flac
2026-05-05T16:24:48 update: removing 白蛇：浮生/30人间值得.flac
2026-05-05T16:24:48 update: removing 白蛇：浮生/out.wav
2026-05-05T16:24:48 update: removing 白蛇：浮生/32何须问.wav
2026-05-05T16:24:48 update: removing 白蛇：浮生/31浮生一白.flac
2026-05-05T16:24:48 update: removing 白蛇：浮生/29文曲星降世.flac
2026-05-05T16:24:48 update: removing 白蛇：浮生/28玉笛破阵.flac
2026-05-05T16:24:48 update: removing 白蛇：浮生/27金刚狮子吼.flac
2026-05-05T16:24:48 update: removing 白蛇：浮生/25物换人非.flac
2026-05-05T16:24:48 update: removing 白蛇：浮生/24许宅变废墟.flac
2026-05-05T16:24:48 update: removing 白蛇：浮生/23法海设局.flac
2026-05-05T16:24:48 update: removing 白蛇：浮生/22随顺因缘.flac
2026-05-05T16:24:48 update: removing 白蛇：浮生/20斩蛇.flac
2026-05-05T16:24:48 update: removing 白蛇：浮生/19池边妙计.flac
2026-05-05T16:24:48 update: removing 白蛇：浮生/18昆仑盗仙草.flac
2026-05-05T16:24:48 update: removing 白蛇：浮生/17宝青秘境.flac
2026-05-05T16:24:48 update: removing 白蛇：浮生/16巨蟒现身.flac
2026-05-05T16:24:48 update: removing 白蛇：浮生/15密炼雄黄.flac
2026-05-05T16:24:48 update: removing 白蛇：浮生/14法海捉妖.flac
2026-05-05T16:24:48 update: removing 白蛇：浮生/13宝青戏坊.flac
2026-05-05T16:24:48 update: removing 白蛇：浮生/12送请帖.flac
2026-05-05T16:24:48 update: removing 白蛇：浮生/11库银失窃.flac
2026-05-05T16:24:48 update: removing 白蛇：浮生/10逍遥山涧.flac
2026-05-05T16:24:48 update: removing 白蛇：浮生/9小青盗官银.flac
2026-05-05T16:24:48 update: removing 白蛇：浮生/8鼠妖投毒.flac
2026-05-05T16:24:48 update: removing 白蛇：浮生/7红烛新婚.flac
2026-05-05T16:24:48 update: removing 白蛇：浮生/6许宅婚宴.flac
2026-05-05T16:24:48 update: removing 白蛇：浮生/21小青相亲.flac
2026-05-05T16:24:48 update: removing 白蛇：浮生/5赴约丰乐楼.flac
2026-05-05T16:24:48 update: removing 白蛇：浮生/4泛舟何须问.flac
2026-05-05T16:24:48 update: removing 白蛇：浮生/3断桥初识.flac
2026-05-05T16:24:48 update: removing 白蛇：浮生/2珠钗缘起.flac
2026-05-05T16:24:48 update: removing 白蛇：浮生/1前世记忆.flac
2026-05-05T16:25:43 exception: Failed to open /home/beiming/.config/mpd/playlist: No such file or directory
2026-05-05T16:26:07 output: Failed to open mixer for "Default ALSA": no such mixer control: PCM
2026-05-05T16:26:20 player: played "To The Moon Series/Impostor Factory OST/32. Basement Tour - Kan Gao.mp3"
2026-05-05T16:26:31 output: Failed to open mixer for "Default ALSA": no such mixer control: PCM
2026-05-05T16:26:55 player: played "To The Moon Series/Impostor Factory OST/31. Double O Six Point Five - Kan Gao.mp3"
2026-05-08T22:38:34 mixer: Failed to read mixer for "Default ALSA": no such mixer control: PCM
2026-05-08T22:38:35 exception: Failed to open /home/beiming/.config/mpd/playlist: No such file or directory
2026-05-08T22:38:41 output: Failed to open mixer for "Default ALSA": no such mixer control: PCM
2026-05-08T22:38:48 player: played "To The Moon Series/A Bird Story OST/01. A Bird Story (Title Theme).mp3"
2026-05-08T22:38:58 mixer: Failed to read mixer for "Default ALSA": no such mixer control: PCM
2026-05-08T22:38:58 exception: Failed to open /home/beiming/.config/mpd/playlist: No such file or directory
2026-05-08T22:39:03 output: Failed to open mixer for "Default ALSA": no such mixer control: PCM
2026-05-08T22:40:55 player: played "To The Moon Series/A Bird Story OST/01. A Bird Story (Title Theme).mp3"
2026-05-08T22:41:18 output: Failed to open mixer for "Default ALSA": no such mixer control: PCM
2026-05-08T22:42:58 player: played "To The Moon Series/A Bird Story OST/01. A Bird Story (Title Theme).mp3"
2026-05-08T22:43:04 exception: Failed to open /home/beiming/.config/mpd/playlist: No such file or directory
2026-05-08T22:43:10 output: Failed to open mixer for "Default ALSA": no such mixer control: PCM
2026-05-08T22:43:11 alsa_output: Decoder is too slow; playing silence to avoid xrun
2026-05-08T22:46:41 player: played "三国杀/长乐调.flac"
2026-05-08T22:50:11 mixer: Failed to read mixer for "Default ALSA": no such mixer control: PCM
2026-05-08T22:50:12 exception: Failed to open /home/beiming/.config/mpd/playlist: No such file or directory
2026-05-08T22:50:18 output: Failed to open mixer for "Default ALSA": no such mixer control: PCM
2026-05-08T22:51:10 player: played "To The Moon Series/A Bird Story OST/01. A Bird Story (Title Theme).mp3"
2026-05-08T22:51:12 output: Failed to open mixer for "Default ALSA": no such mixer control: PCM
2026-05-08T22:53:04 player: played "To The Moon Series/A Bird Story OST/01. A Bird Story (Title Theme).mp3"
2026-05-08T22:53:04 output: Failed to open mixer for "Default ALSA": no such mixer control: PCM
2026-05-08T22:53:06 player: played "To The Moon Series/A Bird Story OST/01. A Bird Story (Title Theme).mp3"
2026-05-08T22:53:17 output: Failed to open mixer for "Default ALSA": no such mixer control: PCM
2026-05-08T22:53:22 player: played "To The Moon Series/A Bird Story OST/01. A Bird Story (Title Theme).mp3"
2026-05-08T22:53:35 output: Failed to open mixer for "Default ALSA": no such mixer control: PCM
2026-05-08T22:55:26 player: played "To The Moon Series/A Bird Story OST/01. A Bird Story (Title Theme).mp3"
2026-05-08T22:59:16 player: played "To The Moon Series/A Bird Story OST/02. Yesterday.mp3"
2026-05-08T23:00:12 output: Failed to open mixer for "Default ALSA": no such mixer control: PCM
2026-05-08T23:01:56 player: played "To The Moon Series/A Bird Story OST/04. Another Stroll.mp3"
2026-05-08T23:03:20 player: played "To The Moon Series/A Bird Story OST/05. Home.mp3"
2026-05-08T23:04:15 player: played "To The Moon Series/A Bird Story OST/06. bef fall music.mp3"
2026-05-08T23:04:56 player: played "To The Moon Series/A Bird Story OST/07. after fall music.mp3"
2026-05-08T23:05:24 player: played "To The Moon Series/A Bird Story OST/08. Bright & Early.mp3"
2026-05-08T23:05:30 player: played "To The Moon Series/A Bird Story OST/09. [Cue] Muffins.mp3"
